[2026-01-09 15:59:23] [INFO] プロセスKDL変換CSV格納元パスを保存しました: C:\
[2026-01-09 15:59:23] [INFO] KDL変換CSV格納元を設定しました: C:\
[2026-01-09 15:59:33] [INFO] プロセスKDL変換CSV格納元パスを保存しました: C:\work
[2026-01-09 15:59:33] [INFO] KDL変換CSV格納元を設定しました: C:\work
[2026-01-09 17:05:31] [ERROR] V1抽出CSV格納先が設定されていません。
[2026-01-09 17:07:01] [INFO] ログ出力フォルダを開きました: C:\work\iko_gui\logs
[2026-01-09 17:16:40] [INFO] バッチファイルパスを保存しました: sample2.bat
[2026-01-09 17:16:40] [INFO] KDL取込用バッチファイルを設定しました: C:\work\iko_gui\sample2.bat
[2026-01-09 17:16:44] [INFO] バッチファイルを実行中: サンプル1 (C:\work\iko_gui\sample2.bat)
[2026-01-09 17:16:46] [INFO] バッチファイルの実行が完了しました: サンプル1 (終了コード: 0)
[2026-01-09 17:16:58] [INFO] バッチファイルパスを保存しました: sample2.bat
[2026-01-09 17:16:58] [INFO] 直接取込用バッチファイルを設定しました: C:\work\iko_gui\sample2.bat
[2026-01-09 17:17:02] [INFO] バッチファイルパスを保存しました: sample2.bat
[2026-01-09 17:17:02] [INFO] 取込後用バッチファイルを設定しました: C:\work\iko_gui\sample2.bat
[2026-01-09 17:17:14] [INFO] バッチファイルを実行中: バッチファイル (C:\work\iko_gui\sample2.bat)
[2026-01-09 17:17:16] [INFO] バッチファイルの実行が完了しました: バッチファイル (終了コード: 0)
[2026-01-09 17:17:16] [INFO] バッチファイルを実行中: バッチファイル (C:\work\iko_gui\sample2.bat)
[2026-01-09 17:17:18] [INFO] バッチファイルの実行が完了しました: バッチファイル (終了コード: 0)
[2026-01-09 17:17:22] [INFO] バッチファイルを実行中: バッチファイル (C:\work\iko_gui\sample2.bat)
[2026-01-09 17:17:25] [INFO] バッチファイルの実行が完了しました: バッチファイル (終了コード: 0)
[2026-01-09 17:17:33] [INFO] ログ出力フォルダを開きました: C:\work\iko_gui\logs
[2026-01-09 17:20:05] [INFO] バッチファイルを実行中: サンプル1 (C:\work\iko_gui\sample2.bat)
[2026-01-09 17:20:07] [INFO] バッチファイルの実行が完了しました: サンプル1 (終了コード: 0)
[2026-01-09 17:20:10] [INFO] バッチファイルを実行中: バッチファイル (C:\work\iko_gui\sample2.bat)
[2026-01-09 17:20:12] [INFO] バッチファイルの実行が完了しました: バッチファイル (終了コード: 0)
[2026-01-09 17:20:15] [INFO] バッチファイルを実行中: バッチファイル (C:\work\iko_gui\sample2.bat)
[2026-01-09 17:20:17] [INFO] バッチファイルの実行が完了しました: バッチファイル (終了コード: 0)
