[2026-01-08 17:12:54] [INFO] ログ出力フォルダを開きました: C:\work\iko_gui\logs
[2026-01-08 17:12:57] [INFO] プロセスを開始します: 1.EB移行ツール適用（ページ2）
[2026-01-08 17:12:57] [ERROR] バッチファイルが見つかりません: C:\work\iko_gui\iko_gui\sample.bat
[2026-01-08 17:12:58] [ERROR] プロセスでエラーが発生しました: 1.EB移行ツール適用（ページ2）
[2026-01-09 13:45:55] [INFO] プロセスDestinationPathを保存しました: C:\PEMicro
[2026-01-09 13:45:55] [INFO] V1抽出CSV格納先を設定しました: C:\PEMicro
[2026-01-09 13:46:38] [INFO] バッチファイルパスを保存しました: sample.bat
[2026-01-09 13:46:38] [INFO] バッチファイルを設定しました: C:\work\iko_gui\sample.bat
[2026-01-09 13:46:48] [INFO] バッチファイルパスを保存しました: run.bat
[2026-01-09 13:46:48] [INFO] バッチファイルを設定しました: C:\work\iko_gui\run.bat
[2026-01-09 13:46:55] [INFO] バッチファイルパスを保存しました: 新しいフォルダー\sample.bat
[2026-01-09 13:46:55] [INFO] バッチファイルを設定しました: C:\work\iko_gui\新しいフォルダー\sample.bat
[2026-01-09 13:47:14] [INFO] プロセスを開始します: 1.EB移行ツール適用（ページ2）
[2026-01-09 13:47:14] [INFO] バッチファイルを実行中: サンプル1 (C:\work\iko_gui\新しいフォルダー\sample.bat)
[2026-01-09 13:47:16] [INFO] バッチファイルの実行が完了しました: サンプル1 (終了コード: 0)
[2026-01-09 13:47:17] [INFO] プロセスが正常に完了しました: 1.EB移行ツール適用（ページ2）
[2026-01-09 13:47:18] [INFO] プロセスを開始します: 1.EB移行ツール適用（ページ2）
[2026-01-09 13:47:18] [INFO] バッチファイルを実行中: サンプル1 (C:\work\iko_gui\新しいフォルダー\sample.bat)
[2026-01-09 13:47:20] [INFO] バッチファイルの実行が完了しました: サンプル1 (終了コード: 0)
[2026-01-09 13:47:21] [INFO] プロセスが正常に完了しました: 1.EB移行ツール適用（ページ2）
[2026-01-09 13:47:25] [INFO] プロセスを開始します: 1.EB移行ツール適用（ページ2）
[2026-01-09 13:47:25] [INFO] バッチファイルを実行中: サンプル1 (C:\work\iko_gui\新しいフォルダー\sample.bat)
[2026-01-09 13:47:27] [INFO] バッチファイルの実行が完了しました: サンプル1 (終了コード: 0)
[2026-01-09 13:47:28] [INFO] プロセスが正常に完了しました: 1.EB移行ツール適用（ページ2）
[2026-01-09 13:53:55] [INFO] バッチファイルパスを保存しました: 新しいフォルダー\sample.bat
[2026-01-09 13:53:55] [INFO] バッチファイルを設定しました: C:\work\iko_gui\新しいフォルダー\sample.bat
[2026-01-09 13:54:06] [INFO] プロセスを開始します: 1.EB移行ツール適用（ページ2）
[2026-01-09 13:54:06] [INFO] バッチファイルを実行中: サンプル1 (C:\work\iko_gui\新しいフォルダー\sample.bat)
[2026-01-09 13:54:09] [INFO] バッチファイルの実行が完了しました: サンプル1 (終了コード: 0)
[2026-01-09 13:54:11] [INFO] プロセスが正常に完了しました: 1.EB移行ツール適用（ページ2）
[2026-01-09 14:10:13] [INFO] バッチファイルパスを保存しました: 新しいフォルダー\sample.bat
[2026-01-09 14:10:13] [INFO] バッチファイルを設定しました: C:\work\iko_gui\新しいフォルダー\sample.bat
[2026-01-09 14:10:39] [INFO] プロセスを開始します: 1.EB移行ツール適用（ページ2）
[2026-01-09 14:10:39] [INFO] バッチファイルを実行中: サンプル1 (C:\work\iko_gui\新しいフォルダー\sample.bat)
[2026-01-09 14:10:43] [INFO] バッチファイルの実行が完了しました: サンプル1 (終了コード: 0)
[2026-01-09 14:10:44] [INFO] プロセスが正常に完了しました: 1.EB移行ツール適用（ページ2）
[2026-01-09 14:50:01] [INFO] ========== ファイル移動開始 ==========
[2026-01-09 14:50:01] [INFO] プロセス名: 1.EB移行ツール適用（ページ2）
[2026-01-09 14:50:01] [INFO] V1抽出CSV格納元: C:\Intel
[2026-01-09 14:50:01] [INFO] V1抽出CSV格納先: C:\PEMicro
[2026-01-09 14:50:01] [INFO] ファイルリスト: C:\work\iko_gui\movefiles\1.EB移行ツール適用（ページ2）.txt
[2026-01-09 14:50:01] [ERROR] コピー元ファイルが見つかりません: C:\Intel\a
[2026-01-09 14:50:01] [ERROR] コピー元ファイルが見つかりません: C:\Intel\b
[2026-01-09 14:50:01] [ERROR] コピー元ファイルが見つかりません: C:\Intel\c
[2026-01-09 14:50:01] [ERROR] コピー元ファイルが見つかりません: C:\Intel\d
[2026-01-09 14:50:01] [ERROR] コピー元ファイルが見つかりません: C:\Intel\e
[2026-01-09 14:50:01] [INFO] ========== ファイル移動完了 ==========
[2026-01-09 14:50:01] [INFO] 合計: 5 件、成功: 0 件、失敗: 5 件
[2026-01-09 14:51:37] [INFO] プロセスDestinationPathを保存しました: iko_gui
[2026-01-09 14:51:37] [INFO] V1抽出CSV格納先を設定しました: C:\work\iko_gui
[2026-01-09 14:51:40] [INFO] ========== ファイル移動開始 ==========
[2026-01-09 14:51:40] [INFO] プロセス名: 1.EB移行ツール適用（ページ2）
[2026-01-09 14:51:40] [INFO] V1抽出CSV格納元: C:\Intel
[2026-01-09 14:51:40] [INFO] V1抽出CSV格納先: C:\work\iko_gui\iko_gui
[2026-01-09 14:51:40] [INFO] ファイルリスト: C:\work\iko_gui\movefiles\1.EB移行ツール適用（ページ2）.txt
[2026-01-09 14:51:40] [INFO] コピー先ディレクトリを作成しました: C:\work\iko_gui\iko_gui
[2026-01-09 14:51:40] [INFO] ファイルをコピーしました: process_0_0.log -> C:\work\iko_gui\iko_gui
[2026-01-09 14:51:40] [INFO] ファイルをコピーしました: process_0_0_stderr.log -> C:\work\iko_gui\iko_gui
[2026-01-09 14:51:40] [INFO] ファイルをコピーしました: process_0_0_stdout.log -> C:\work\iko_gui\iko_gui
[2026-01-09 14:51:40] [INFO] ファイルをコピーしました: sample.bat -> C:\work\iko_gui\iko_gui
[2026-01-09 14:51:40] [INFO] ========== ファイル移動完了 ==========
[2026-01-09 14:51:40] [INFO] 合計: 4 件、成功: 4 件、失敗: 0 件
[2026-01-09 14:52:58] [INFO] プロセスDestinationPathを保存しました: iko_gui
[2026-01-09 14:52:58] [INFO] V1抽出CSV格納先を設定しました: C:\work\iko_gui
[2026-01-09 15:00:12] [INFO] プロセスDestinationPathを保存しました: C:\work\iko_gui
[2026-01-09 15:00:12] [INFO] V1抽出CSV格納先を設定しました: C:\work\iko_gui
[2026-01-09 15:00:16] [INFO] ========== ファイル移動開始 ==========
[2026-01-09 15:00:16] [INFO] プロセス名: 1.EB移行ツール適用（ページ2）
[2026-01-09 15:00:16] [INFO] V1抽出CSV格納元: C:\Intel
[2026-01-09 15:00:16] [INFO] V1抽出CSV格納先: C:\work\iko_gui
[2026-01-09 15:00:16] [INFO] ファイルリスト: C:\work\iko_gui\movefiles\1.EB移行ツール適用（ページ2）.txt
[2026-01-09 15:00:16] [INFO] ファイルをコピーしました: process_0_0.log -> C:\work\iko_gui
[2026-01-09 15:00:17] [INFO] ファイルをコピーしました: process_0_0_stderr.log -> C:\work\iko_gui
[2026-01-09 15:00:17] [INFO] ファイルをコピーしました: process_0_0_stdout.log -> C:\work\iko_gui
[2026-01-09 15:00:17] [INFO] ファイルをコピーしました: sample.bat -> C:\work\iko_gui
[2026-01-09 15:00:17] [INFO] ========== ファイル移動完了 ==========
[2026-01-09 15:00:17] [INFO] 合計: 4 件、成功: 4 件、失敗: 0 件
[2026-01-09 15:15:43] [INFO] プロセスを開始します: 1.EB移行ツール適用（ページ2）
[2026-01-09 15:15:43] [INFO] バッチファイルを実行中: サンプル1 (C:\work\iko_gui\新しいフォルダー\sample.bat)
[2026-01-09 15:15:45] [INFO] バッチファイルの実行が完了しました: サンプル1 (終了コード: 0)
[2026-01-09 15:15:46] [INFO] プロセスが正常に完了しました: 1.EB移行ツール適用（ページ2）
