[2026-01-05 17:03:21] [ERROR] JSONファイルの保存に失敗しました: "LogOutputDir" の設定中に例外が発生しました: "このオブジェクトにプロパティ 'LogOutputDir' が見つかりません。プロパティが存在し、設定可能であることを確認してください。"
[2026-01-05 17:03:21] [INFO] ログ出力フォルダを設定しました: iko_gui\logs
[2026-01-05 17:03:26] [INFO] バッチファイルパスを保存しました: iko_gui\sample.bat
[2026-01-05 17:03:26] [INFO] バッチファイルを設定しました: C:\work\iko_gui\sample.bat
[2026-01-05 17:04:29] [INFO] プロセスを開始します: 1.EB移行ツール適用
[2026-01-05 17:04:29] [ERROR] バッチファイルが見つかりません: C:\work\iko_gui\iko_gui\sample.bat
[2026-01-05 17:04:30] [ERROR] ソースパスが見つかりません: C:\work\iko_gui\csv_source
[2026-01-05 17:04:30] [ERROR] プロセスでエラーが発生しました: 1.EB移行ツール適用
[2026-01-05 17:04:41] [INFO] プロセスを開始します: 1.EB移行ツール適用
[2026-01-05 17:04:41] [ERROR] バッチファイルが見つかりません: C:\work\iko_gui\iko_gui\sample.bat
[2026-01-05 17:04:42] [ERROR] ソースパスが見つかりません: C:\work\iko_gui\csv_source
[2026-01-05 17:04:42] [ERROR] プロセスでエラーが発生しました: 1.EB移行ツール適用
[2026-01-05 17:05:33] [INFO] バッチファイルパスを保存しました: iko_gui\sample2.bat
[2026-01-05 17:05:33] [INFO] バッチファイルを設定しました: C:\work\iko_gui\sample2.bat
[2026-01-05 17:05:36] [INFO] プロセスを開始します: 1.EB移行ツール適用
[2026-01-05 17:05:36] [ERROR] バッチファイルが見つかりません: C:\work\iko_gui\iko_gui\sample2.bat
[2026-01-05 17:05:37] [ERROR] ソースパスが見つかりません: C:\work\iko_gui\csv_source
[2026-01-05 17:05:37] [ERROR] プロセスでエラーが発生しました: 1.EB移行ツール適用
[2026-01-05 17:05:45] [INFO] プロセスを開始します: 1.EB移行ツール適用
[2026-01-05 17:05:50] [ERROR] バッチファイルが見つかりません: C:\work\iko_gui\iko_gui\sample2.bat
[2026-01-05 17:05:51] [ERROR] ソースパスが見つかりません: C:\work\iko_gui\csv_source
[2026-01-05 17:05:51] [ERROR] プロセスでエラーが発生しました: 1.EB移行ツール適用
[2026-01-05 17:06:29] [INFO] プロセスを開始します: 1.EB移行ツール適用
[2026-01-05 17:06:29] [ERROR] バッチファイルが見つかりません: C:\work\iko_gui\iko_gui\sample2.bat
[2026-01-05 17:06:30] [ERROR] ソースパスが見つかりません: C:\work\iko_gui\csv_source
[2026-01-05 17:06:30] [ERROR] プロセスでエラーが発生しました: 1.EB移行ツール適用
[2026-01-05 17:09:13] [INFO] プロセスを開始します: 1.EB移行ツール適用
[2026-01-05 17:09:14] [ERROR] バッチファイルが見つかりません: C:\work\iko_gui\iko_gui\sample2.bat
[2026-01-05 17:09:15] [ERROR] ソースパスが見つかりません: C:\work\iko_gui\csv_source
[2026-01-05 17:09:15] [ERROR] プロセスでエラーが発生しました: 1.EB移行ツール適用
[2026-01-05 17:13:56] [INFO] プロセスを開始します: 1.EB移行ツール適用
[2026-01-05 17:13:56] [ERROR] バッチファイルが見つかりません: C:\work\iko_gui\iko_gui\sample2.bat
[2026-01-05 17:13:57] [ERROR] ソースパスが見つかりません: C:\work\iko_gui\csv_source
[2026-01-05 17:13:57] [ERROR] プロセスでエラーが発生しました: 1.EB移行ツール適用
[2026-01-05 17:14:04] [INFO] バッチファイルパスを保存しました: iko_gui\sample.bat
[2026-01-05 17:14:04] [INFO] バッチファイルを設定しました: C:\work\iko_gui\sample.bat
[2026-01-05 17:14:11] [INFO] プロセスを開始します: 1.EB移行ツール適用
[2026-01-05 17:14:11] [ERROR] バッチファイルが見つかりません: C:\work\iko_gui\iko_gui\sample.bat
[2026-01-05 17:14:12] [ERROR] ソースパスが見つかりません: C:\work\iko_gui\csv_source
[2026-01-05 17:14:12] [ERROR] プロセスでエラーが発生しました: 1.EB移行ツール適用
[2026-01-05 17:15:12] [INFO] プロセスを開始します: 1.EB移行ツール適用
[2026-01-05 17:15:12] [ERROR] バッチファイルが見つかりません: C:\work\iko_gui\iko_gui\sample.bat
[2026-01-05 17:15:13] [ERROR] ソースパスが見つかりません: C:\work\iko_gui\csv_source
[2026-01-05 17:15:13] [ERROR] プロセスでエラーが発生しました: 1.EB移行ツール適用
[2026-01-05 17:15:15] [INFO] プロセスを開始します: 1.EB移行ツール適用
[2026-01-05 17:15:15] [ERROR] バッチファイルが見つかりません: C:\work\iko_gui\iko_gui\sample.bat
[2026-01-05 17:15:16] [ERROR] ソースパスが見つかりません: C:\work\iko_gui\csv_source
[2026-01-05 17:15:17] [ERROR] プロセスでエラーが発生しました: 1.EB移行ツール適用
[2026-01-05 17:27:22] [INFO] バッチファイルパスを保存しました: iko_gui\run.bat
[2026-01-05 17:27:22] [INFO] バッチファイルを設定しました: C:\work\iko_gui\run.bat
[2026-01-05 17:27:27] [INFO] プロセスを開始します: 1.EB移行ツール適用
[2026-01-05 17:27:27] [ERROR] バッチファイルが見つかりません: C:\work\iko_gui\iko_gui\run.bat
[2026-01-05 17:27:28] [ERROR] ソースパスが見つかりません: C:\work\iko_gui\csv_source
[2026-01-05 17:27:28] [ERROR] プロセスでエラーが発生しました: 1.EB移行ツール適用
[2026-01-05 17:29:52] [INFO] バッチファイルパスを保存しました: sample.bat
[2026-01-05 17:29:52] [INFO] バッチファイルを設定しました: C:\work\iko_gui\sample.bat
[2026-01-05 17:29:57] [INFO] プロセスを開始します: 1.EB移行ツール適用
[2026-01-05 17:29:57] [INFO] バッチファイルを実行中: サンプル1 (C:\work\iko_gui\sample.bat)
[2026-01-05 17:29:59] [INFO] バッチファイルの実行が完了しました: サンプル1 (終了コード: 0)
[2026-01-05 17:30:00] [ERROR] ソースパスが見つかりません: C:\work\iko_gui\csv_source
[2026-01-05 17:30:00] [ERROR] プロセスでエラーが発生しました: 1.EB移行ツール適用
[2026-01-05 17:30:17] [INFO] バッチファイルパスを保存しました: sample2 - コピー.bat
[2026-01-05 17:30:17] [INFO] バッチファイルを設定しました: C:\work\iko_gui\sample2 - コピー.bat
[2026-01-05 17:30:32] [INFO] プロセスを開始します: 1.EB移行ツール適用
[2026-01-05 17:30:32] [INFO] バッチファイルを実行中: サンプル1 (C:\work\iko_gui\sample2 - コピー.bat)
[2026-01-05 17:30:34] [INFO] バッチファイルの実行が完了しました: サンプル1 (終了コード: 0)
[2026-01-05 17:30:35] [ERROR] ソースパスが見つかりません: C:\work\iko_gui\csv_source
[2026-01-05 17:30:35] [ERROR] プロセスでエラーが発生しました: 1.EB移行ツール適用
[2026-01-05 17:31:03] [ERROR] JSONファイルの保存に失敗しました: "LogOutputDir" の設定中に例外が発生しました: "このオブジェクトにプロパティ 'LogOutputDir' が見つかりません。プロパティが存在し、設定可能であることを確認してください。"
[2026-01-05 17:31:03] [INFO] ログ出力フォルダを設定しました: logs
[2026-01-05 17:31:57] [ERROR] JSONファイルの保存に失敗しました: "LogOutputDir" の設定中に例外が発生しました: "このオブジェクトにプロパティ 'LogOutputDir' が見つかりません。プロパティが存在し、設定可能であることを確認してください。"
[2026-01-05 17:31:57] [INFO] ログ出力フォルダを設定しました: log2
[2026-01-05 17:32:04] [INFO] プロセスを開始します: 1.EB移行ツール適用
[2026-01-05 17:32:04] [INFO] バッチファイルを実行中: サンプル1 (C:\work\iko_gui\sample2 - コピー.bat)
[2026-01-05 17:32:06] [INFO] バッチファイルの実行が完了しました: サンプル1 (終了コード: 0)
[2026-01-05 17:32:07] [ERROR] ソースパスが見つかりません: C:\work\iko_gui\csv_source
[2026-01-05 17:32:07] [ERROR] プロセスでエラーが発生しました: 1.EB移行ツール適用
[2026-01-05 17:34:52] [INFO] プロセスを開始します: 1.EB移行ツール適用
[2026-01-05 17:34:52] [INFO] バッチファイルを実行中: サンプル1 (C:\work\iko_gui\sample2 - コピー.bat)
[2026-01-05 17:34:54] [INFO] バッチファイルの実行が完了しました: サンプル1 (終了コード: 0)
[2026-01-05 17:34:55] [ERROR] ソースパスが見つかりません: C:\work\iko_gui\csv_source
[2026-01-05 17:34:55] [ERROR] プロセスでエラーが発生しました: 1.EB移行ツール適用
[2026-01-05 17:38:27] [INFO] バッチファイルパスを保存しました: 新しいフォルダー\sample.bat
[2026-01-05 17:38:27] [INFO] バッチファイルを設定しました: C:\work\iko_gui\新しいフォルダー\sample.bat
[2026-01-05 17:38:31] [INFO] プロセスを開始します: 1.EB移行ツール適用
[2026-01-05 17:38:31] [INFO] バッチファイルを実行中: サンプル1 (C:\work\iko_gui\新しいフォルダー\sample.bat)
[2026-01-05 17:38:33] [INFO] バッチファイルの実行が完了しました: サンプル1 (終了コード: 0)
[2026-01-05 17:38:35] [ERROR] ソースパスが見つかりません: C:\work\iko_gui\csv_source
[2026-01-05 17:38:35] [ERROR] プロセスでエラーが発生しました: 1.EB移行ツール適用
[2026-01-06 08:43:55] [ERROR] JSONファイルの保存に失敗しました: "LogOutputDir" の設定中に例外が発生しました: "このオブジェクトにプロパティ 'LogOutputDir' が見つかりません。プロパティが存在し、設定可能であることを確認してください。"
[2026-01-06 08:43:55] [INFO] ログ出力フォルダを設定しました: C:\work\新しいフォルダー\新しいフォルダー
[2026-01-06 08:44:09] [INFO] バッチファイルパスを保存しました: C:\work\新しいフォルダー\新しいフォルダー\sample.bat
[2026-01-06 08:44:09] [INFO] バッチファイルを設定しました: C:\work\新しいフォルダー\新しいフォルダー\sample.bat
[2026-01-06 08:44:14] [INFO] プロセスを開始します: 1.EB移行ツール適用
[2026-01-06 08:44:14] [INFO] バッチファイルを実行中: サンプル1 (C:\work\新しいフォルダー\新しいフォルダー\sample.bat)
[2026-01-06 08:44:16] [INFO] バッチファイルの実行が完了しました: サンプル1 (終了コード: 0)
[2026-01-06 08:44:17] [ERROR] ソースパスが見つかりません: C:\work\iko_gui\csv_source
[2026-01-06 08:44:17] [ERROR] プロセスでエラーが発生しました: 1.EB移行ツール適用
[2026-01-06 09:24:42] [INFO] プロセスを開始します: 1.EB移行ツール適用
[2026-01-06 09:24:42] [INFO] バッチファイルを実行中: サンプル1 (C:\work\新しいフォルダー\新しいフォルダー\sample.bat)
[2026-01-06 09:24:44] [INFO] バッチファイルの実行が完了しました: サンプル1 (終了コード: 0)
[2026-01-06 09:24:46] [ERROR] ソースパスが見つかりません: C:\work\iko_gui\csv_source
[2026-01-06 09:24:46] [ERROR] プロセスでエラーが発生しました: 1.EB移行ツール適用
