[2026-01-06 14:59:35] [INFO] ログ出力フォルダパスを保存しました: 新しいフォルダー
[2026-01-06 14:59:35] [INFO] ログ出力フォルダを設定しました: 新しいフォルダー
[2026-01-06 14:59:39] [INFO] ログ出力フォルダを開きました: C:\work\iko_gui\新しいフォルダー
[2026-01-06 14:59:48] [INFO] ログ出力フォルダパスを保存しました: 新しいフォルダー
[2026-01-06 14:59:48] [INFO] ログ出力フォルダを設定しました: 新しいフォルダー
[2026-01-06 14:59:51] [INFO] ログ出力フォルダを開きました: C:\work\iko_gui\新しいフォルダー
[2026-01-06 15:13:26] [INFO] ログ出力フォルダを開きました: C:\work\iko_gui\新しいフォルダー
[2026-01-06 15:28:48] [INFO] ログ出力フォルダを開きました: C:\work\iko_gui\新しいフォルダー
[2026-01-06 17:18:37] [INFO] ファイル移動設定を保存しました: 1.EB移行ツール適用
[2026-01-06 17:18:42] [INFO] ファイル移動設定を保存しました: 1.EB移行ツール適用
[2026-01-06 17:26:49] [INFO] ファイル移動設定を保存しました: 1.EB移行ツール適用
[2026-01-06 17:35:41] [INFO] ファイル移動設定を保存しました: 1.EB移行ツール適用
[2026-01-06 17:41:19] [INFO] ファイル移動設定を保存しました: 1.EB移行ツール適用
[2026-01-06 17:42:11] [INFO] ファイル移動設定を保存しました: 1.EB移行ツール適用
[2026-01-06 17:46:49] [INFO] ファイル移動設定を保存しました: 1.EB移行ツール適用
[2026-01-06 17:50:33] [INFO] ファイル移動設定を保存しました: 1.EB移行ツール適用
[2026-01-06 17:55:03] [INFO] ファイル移動設定を保存しました: 1.EB移行ツール適用
[2026-01-07 10:53:11] [INFO] ファイル移動設定を保存しました: 1.EB移行ツール適用
[2026-01-07 10:53:29] [INFO] ファイル移動設定を保存しました: 1.EB移行ツール適用
[2026-01-09 11:22:35] [INFO] バッチファイルパスを保存しました: 新しいフォルダー\sample.bat
[2026-01-09 11:22:35] [INFO] バッチファイルを設定しました: C:\work\iko_gui\新しいフォルダー\sample.bat
[2026-01-09 11:22:41] [INFO] プロセスを開始します: 1.EB移行ツール適用
[2026-01-09 11:22:41] [INFO] バッチファイルを実行中: サンプル1 (C:\work\iko_gui\新しいフォルダー\sample.bat)
[2026-01-09 11:22:43] [INFO] バッチファイルの実行が完了しました: サンプル1 (終了コード: 0)
[2026-01-09 11:22:44] [INFO] プロセスが正常に完了しました: 1.EB移行ツール適用
[2026-01-09 13:31:30] [INFO] バッチファイルパスを保存しました: sample.bat
[2026-01-09 13:31:30] [INFO] バッチファイルを設定しました: C:\work\iko_gui\sample.bat
[2026-01-09 13:31:36] [INFO] プロセスを開始します: 1.EB移行ツール適用
[2026-01-09 13:31:36] [INFO] バッチファイルを実行中: サンプル1 (C:\work\iko_gui\sample.bat)
[2026-01-09 13:31:39] [INFO] バッチファイルの実行が完了しました: サンプル1 (終了コード: 0)
[2026-01-09 13:31:40] [INFO] プロセスが正常に完了しました: 1.EB移行ツール適用
[2026-01-09 13:31:41] [INFO] プロセスを開始します: 1.EB移行ツール適用
[2026-01-09 13:31:41] [INFO] バッチファイルを実行中: サンプル1 (C:\work\iko_gui\sample.bat)
[2026-01-09 13:31:44] [INFO] バッチファイルの実行が完了しました: サンプル1 (終了コード: 0)
[2026-01-09 13:31:45] [INFO] プロセスが正常に完了しました: 1.EB移行ツール適用
[2026-01-09 13:31:45] [INFO] プロセスを開始します: 1.EB移行ツール適用
[2026-01-09 13:31:45] [INFO] バッチファイルを実行中: サンプル1 (C:\work\iko_gui\sample.bat)
[2026-01-09 13:31:47] [INFO] バッチファイルの実行が完了しました: サンプル1 (終了コード: 0)
[2026-01-09 13:31:48] [INFO] プロセスが正常に完了しました: 1.EB移行ツール適用
[2026-01-09 13:31:52] [INFO] バッチファイルパスを保存しました: sample2.bat
[2026-01-09 13:31:52] [INFO] バッチファイルを設定しました: C:\work\iko_gui\sample2.bat
[2026-01-09 13:31:56] [INFO] プロセスを開始します: 1.EB移行ツール適用
[2026-01-09 13:31:56] [INFO] バッチファイルを実行中: サンプル1 (C:\work\iko_gui\sample2.bat)
[2026-01-09 13:31:58] [INFO] バッチファイルの実行が完了しました: サンプル1 (終了コード: 0)
[2026-01-09 13:31:59] [INFO] プロセスが正常に完了しました: 1.EB移行ツール適用
[2026-01-09 13:32:00] [INFO] プロセスを開始します: 1.EB移行ツール適用
[2026-01-09 13:32:00] [INFO] バッチファイルを実行中: サンプル1 (C:\work\iko_gui\sample2.bat)
[2026-01-09 13:32:02] [INFO] バッチファイルの実行が完了しました: サンプル1 (終了コード: 0)
[2026-01-09 13:32:03] [INFO] プロセスが正常に完了しました: 1.EB移行ツール適用
[2026-01-22 14:59:56] [INFO] プロセスを開始します: 1.EB移行ツール適用
[2026-01-22 14:59:56] [INFO] バッチファイルを実行中: サンプル1 (C:\work\iko_gui\sample2.bat)
[2026-01-22 14:59:58] [INFO] バッチファイルの実行が完了しました: サンプル1 (終了コード: 0)
[2026-01-22 14:59:59] [INFO] プロセスが正常に完了しました: 1.EB移行ツール適用
